<?xml version="1.0" encoding="UTF-8"?>
<!-- Generated by org.testng.reporters.JUnitReportReporter -->
<testsuite skipped="0" hostname="DESKTOP-4IBV3FS" name="org.EaseMyTrip.BaseTest" tests="1" failures="0" timestamp="13 Jun 2021 09:34:03 GMT" time="11.697" errors="0">
  <testcase name="flightTest" time="11.697" classname="org.EaseMyTrip.BaseTest"/>
</testsuite> <!-- org.EaseMyTrip.BaseTest -->
